# JRE version: OpenJDK Runtime Environment (8.0_202-b03) (build 1.8.0_202-release-1483-b03)
# Java VM: OpenJDK 64-Bit Server VM (25.202-b03 mixed mode windows-amd64 compressed oops)
Heap:
 PSYoungGen      total 439808K, used 439766K [0x00000000e0000000, 0x0000000100000000, 0x0000000100000000)
  eden space 363520K, 100% used [0x00000000e0000000,0x00000000f6300000,0x00000000f6300000)
  from space 76288K, 99% used [0x00000000f6300000,0x00000000fad75900,0x00000000fad80000)
  to   space 84480K, 99% used [0x00000000fad80000,0x00000000ffffb7b8,0x0000000100000000)
 ParOldGen       total 251392K, used 109670K [0x00000000a0000000, 0x00000000af580000, 0x00000000e0000000)
  object space 251392K, 43% used [0x00000000a0000000,0x00000000a6b19a48,0x00000000af580000)
 Metaspace       used 140197K, capacity 145912K, committed 146304K, reserved 1177600K
  class space    used 17408K, capacity 18540K, committed 18816K, reserved 1048576K
GC Heap History (10 events):
Event: 5055.049 GC heap after
Heap after GC invocations=27 (full 5):
 PSYoungGen      total 435200K, used 10526K [0x00000000e0000000, 0x00000000fe480000, 0x0000000100000000)
  eden space 373760K, 0% used [0x00000000e0000000,0x00000000e0000000,0x00000000f6d00000)
  from space 61440K, 17% used [0x00000000fa880000,0x00000000fb2c79b0,0x00000000fe480000)
  to   space 60928K, 0% used [0x00000000f6d00000,0x00000000f6d00000,0x00000000fa880000)
 ParOldGen       total 206848K, used 184531K [0x00000000a0000000, 0x00000000aca00000, 0x00000000e0000000)
  object space 206848K, 89% used [0x00000000a0000000,0x00000000ab434d08,0x00000000aca00000)
 Metaspace       used 117536K, capacity 121674K, committed 123520K, reserved 1157120K
  class space    used 14681K, capacity 15567K, committed 16000K, reserved 1048576K
}
Event: 5055.062 GC heap before
{Heap before GC invocations=28 (full 6):
 PSYoungGen      total 435200K, used 10526K [0x00000000e0000000, 0x00000000fe480000, 0x0000000100000000)
  eden space 373760K, 0% used [0x00000000e0000000,0x00000000e0000000,0x00000000f6d00000)
  from space 61440K, 17% used [0x00000000fa880000,0x00000000fb2c79b0,0x00000000fe480000)
  to   space 60928K, 0% used [0x00000000f6d00000,0x00000000f6d00000,0x00000000fa880000)
 ParOldGen       total 206848K, used 184531K [0x00000000a0000000, 0x00000000aca00000, 0x00000000e0000000)
  object space 206848K, 89% used [0x00000000a0000000,0x00000000ab434d08,0x00000000aca00000)
 Metaspace       used 117536K, capacity 121674K, committed 123520K, reserved 1157120K
  class space    used 14681K, capacity 15567K, committed 16000K, reserved 1048576K
Event: 5090.716 GC heap after
Heap after GC invocations=28 (full 6):
 PSYoungGen      total 435200K, used 0K [0x00000000e0000000, 0x00000000fe480000, 0x0000000100000000)
  eden space 373760K, 0% used [0x00000000e0000000,0x00000000e0000000,0x00000000f6d00000)
  from space 61440K, 0% used [0x00000000fa880000,0x00000000fa880000,0x00000000fe480000)
  to   space 60928K, 0% used [0x00000000f6d00000,0x00000000f6d00000,0x00000000fa880000)
 ParOldGen       total 251392K, used 78612K [0x00000000a0000000, 0x00000000af580000, 0x00000000e0000000)
  object space 251392K, 31% used [0x00000000a0000000,0x00000000a4cc52d8,0x00000000af580000)
 Metaspace       used 117536K, capacity 121674K, committed 123520K, reserved 1157120K
  class space    used 14681K, capacity 15567K, committed 16000K, reserved 1048576K
}
Event: 5093.716 GC heap before
{Heap before GC invocations=29 (full 6):
 PSYoungGen      total 435200K, used 373760K [0x00000000e0000000, 0x00000000fe480000, 0x0000000100000000)
  eden space 373760K, 100% used [0x00000000e0000000,0x00000000f6d00000,0x00000000f6d00000)
  from space 61440K, 0% used [0x00000000fa880000,0x00000000fa880000,0x00000000fe480000)
  to   space 60928K, 0% used [0x00000000f6d00000,0x00000000f6d00000,0x00000000fa880000)
 ParOldGen       total 251392K, used 78612K [0x00000000a0000000, 0x00000000af580000, 0x00000000e0000000)
  object space 251392K, 31% used [0x00000000a0000000,0x00000000a4cc52d8,0x00000000af580000)
 Metaspace       used 122284K, capacity 126468K, committed 128128K, reserved 1161216K
  class space    used 15149K, capacity 16070K, committed 16512K, reserved 1048576K
Event: 5093.772 GC heap after
Heap after GC invocations=29 (full 6):
 PSYoungGen      total 434688K, used 56384K [0x00000000e0000000, 0x0000000100000000, 0x0000000100000000)
  eden space 373760K, 0% used [0x00000000e0000000,0x00000000e0000000,0x00000000f6d00000)
  from space 60928K, 92% used [0x00000000f6d00000,0x00000000fa4103f0,0x00000000fa880000)
  to   space 69632K, 0% used [0x00000000fbc00000,0x00000000fbc00000,0x0000000100000000)
 ParOldGen       total 251392K, used 78620K [0x00000000a0000000, 0x00000000af580000, 0x00000000e0000000)
  object space 251392K, 31% used [0x00000000a0000000,0x00000000a4cc72d8,0x00000000af580000)
 Metaspace       used 122284K, capacity 126468K, committed 128128K, reserved 1161216K
  class space    used 15149K, capacity 16070K, committed 16512K, reserved 1048576K
}
Event: 5106.036 GC heap before
{Heap before GC invocations=30 (full 6):
 PSYoungGen      total 434688K, used 430144K [0x00000000e0000000, 0x0000000100000000, 0x0000000100000000)
  eden space 373760K, 100% used [0x00000000e0000000,0x00000000f6d00000,0x00000000f6d00000)
  from space 60928K, 92% used [0x00000000f6d00000,0x00000000fa4103f0,0x00000000fa880000)
  to   space 69632K, 0% used [0x00000000fbc00000,0x00000000fbc00000,0x0000000100000000)
 ParOldGen       total 251392K, used 78620K [0x00000000a0000000, 0x00000000af580000, 0x00000000e0000000)
  object space 251392K, 31% used [0x00000000a0000000,0x00000000a4cc72d8,0x00000000af580000)
 Metaspace       used 132016K, capacity 137150K, committed 137856K, reserved 1169408K
  class space    used 16437K, capacity 17493K, committed 17792K, reserved 1048576K
Event: 5106.155 GC heap after
Heap after GC invocations=30 (full 6):
 PSYoungGen      total 433152K, used 67014K [0x00000000e0000000, 0x0000000100000000, 0x0000000100000000)
  eden space 363520K, 0% used [0x00000000e0000000,0x00000000e0000000,0x00000000f6300000)
  from space 69632K, 96% used [0x00000000fbc00000,0x00000000ffd718c0,0x0000000100000000)
  to   space 80384K, 0% used [0x00000000f6300000,0x00000000f6300000,0x00000000fb180000)
 ParOldGen       total 251392K, used 78628K [0x00000000a0000000, 0x00000000af580000, 0x00000000e0000000)
  object space 251392K, 31% used [0x00000000a0000000,0x00000000a4cc92d8,0x00000000af580000)
 Metaspace       used 132016K, capacity 137150K, committed 137856K, reserved 1169408K
  class space    used 16437K, capacity 17493K, committed 17792K, reserved 1048576K
}
Event: 5892.844 GC heap before
{Heap before GC invocations=31 (full 6):
 PSYoungGen      total 433152K, used 430534K [0x00000000e0000000, 0x0000000100000000, 0x0000000100000000)
  eden space 363520K, 100% used [0x00000000e0000000,0x00000000f6300000,0x00000000f6300000)
  from space 69632K, 96% used [0x00000000fbc00000,0x00000000ffd718c0,0x0000000100000000)
  to   space 80384K, 0% used [0x00000000f6300000,0x00000000f6300000,0x00000000fb180000)
 ParOldGen       total 251392K, used 78628K [0x00000000a0000000, 0x00000000af580000, 0x00000000e0000000)
  object space 251392K, 31% used [0x00000000a0000000,0x00000000a4cc92d8,0x00000000af580000)
 Metaspace       used 135327K, capacity 141012K, committed 141440K, reserved 1173504K
  class space    used 16937K, capacity 18030K, committed 18304K, reserved 1048576K
Event: 5893.925 GC heap after
Heap after GC invocations=31 (full 6):
 PSYoungGen      total 439808K, used 76246K [0x00000000e0000000, 0x0000000100000000, 0x0000000100000000)
  eden space 363520K, 0% used [0x00000000e0000000,0x00000000e0000000,0x00000000f6300000)
  from space 76288K, 99% used [0x00000000f6300000,0x00000000fad75900,0x00000000fad80000)
  to   space 84480K, 0% used [0x00000000fad80000,0x00000000fad80000,0x0000000100000000)
 ParOldGen       total 251392K, used 78636K [0x00000000a0000000, 0x00000000af580000, 0x00000000e0000000)
  object space 251392K, 31% used [0x00000000a0000000,0x00000000a4ccb2d8,0x00000000af580000)
 Metaspace       used 135327K, capacity 141012K, committed 141440K, reserved 1173504K
  class space    used 16937K, capacity 18030K, committed 18304K, reserved 1048576K
}
Event: 5905.474 GC heap before
{Heap before GC invocations=32 (full 6):
 PSYoungGen      total 439808K, used 439766K [0x00000000e0000000, 0x0000000100000000, 0x0000000100000000)
  eden space 363520K, 100% used [0x00000000e0000000,0x00000000f6300000,0x00000000f6300000)
  from space 76288K, 99% used [0x00000000f6300000,0x00000000fad75900,0x00000000fad80000)
  to   space 84480K, 0% used [0x00000000fad80000,0x00000000fad80000,0x0000000100000000)
 ParOldGen       total 251392K, used 78636K [0x00000000a0000000, 0x00000000af580000, 0x00000000e0000000)
  object space 251392K, 31% used [0x00000000a0000000,0x00000000a4ccb2d8,0x00000000af580000)
 Metaspace       used 140197K, capacity 145912K, committed 146304K, reserved 1177600K
  class space    used 17408K, capacity 18540K, committed 18816K, reserved 1048576K

